Project Information   c:\users\user\desktop\max_plus\week4\decoder\decoder.rpt

MAX+plus II Compiler Report File
Version 10.2 07/10/2002
Compiled: 09/27/2023 16:51:02

Copyright (C) 1988-2002 Altera Corporation
Any megafunction design, and related net list (encrypted or decrypted),
support information, device programming or simulation file, and any other
associated documentation or information provided by Altera or a partner
under Altera's Megafunction Partnership Program may be used only to
program PLD devices (but not masked PLD devices) from Altera.  Any other
use of such megafunction design, net list, support information, device
programming or simulation file, or any other related documentation or
information is prohibited for any other purpose, including, but not
limited to modification, reverse engineering, de-compiling, or use with
any other silicon devices, unless such use is explicitly licensed under
a separate agreement with Altera or a megafunction partner.  Title to
the intellectual property, including patents, copyrights, trademarks,
trade secrets, or maskworks, embodied in any such megafunction design,
net list, support information, device programming or simulation file, or
any other related documentation or information provided by Altera or a
megafunction partner, remains with Altera, the megafunction partner, or
their respective licensors.  No other licenses, including any licenses
needed under any third party's intellectual property, are provided herein.



***** Project compilation was successful




** DEVICE SUMMARY **

Chip/                     Input   Output   Bidir         Shareable
POF       Device          Pins    Pins     Pins     LCs  Expanders  % Utilized

decoder   EPM7032LC44-6    6        8        0      8       0           25 %

User Pins:                 6        8        0  



Project Information   c:\users\user\desktop\max_plus\week4\decoder\decoder.rpt

** FILE HIERARCHY **



|74138:1|


Device-Specific Information:c:\users\user\desktop\max_plus\week4\decoder\decoder.rpt
decoder

***** Logic for device 'decoder' compiled without errors.




Device: EPM7032LC44-6

Device Options:
    Turbo Bit                                    = ON
    Security Bit                                 = OFF

                                               
                                               
                                               
                                               
                                         o  o  
              i  i     V  G  G  G  G  G  u  u  
              n  n  G  C  N  N  N  N  N  t  t  
              1  2  1  C  D  D  D  D  D  7  6  
            -----------------------------------_ 
          /   6  5  4  3  2  1 44 43 42 41 40   | 
     in0 |  7                                39 | out5 
    G2BN |  8                                38 | out4 
    G2AN |  9                                37 | out3 
     GND | 10                                36 | out1 
RESERVED | 11                                35 | VCC 
RESERVED | 12         EPM7032LC44-6          34 | out2 
RESERVED | 13                                33 | out0 
RESERVED | 14                                32 | RESERVED 
     VCC | 15                                31 | RESERVED 
RESERVED | 16                                30 | GND 
RESERVED | 17                                29 | RESERVED 
         |_  18 19 20 21 22 23 24 25 26 27 28  _| 
           ------------------------------------ 
              R  R  R  R  G  V  R  R  R  R  R  
              E  E  E  E  N  C  E  E  E  E  E  
              S  S  S  S  D  C  S  S  S  S  S  
              E  E  E  E        E  E  E  E  E  
              R  R  R  R        R  R  R  R  R  
              V  V  V  V        V  V  V  V  V  
              E  E  E  E        E  E  E  E  E  
              D  D  D  D        D  D  D  D  D  


N.C. = No Connect. This pin has no internal connection to the device.
VCC = Dedicated power pin, which MUST be connected to VCC.
GND = Dedicated ground pin or unused dedicated input, which MUST be connected to GND.
RESERVED = Unused I/O pin, which MUST be left unconnected.



Device-Specific Information:c:\users\user\desktop\max_plus\week4\decoder\decoder.rpt
decoder

** RESOURCE USAGE **

                                                Shareable     External
Logic Array Block     Logic Cells   I/O Pins    Expanders   Interconnect

A:     LC1 - LC16     0/16(  0%)   6/16( 37%)   0/16(  0%)   0/36(  0%) 
B:    LC17 - LC32     8/16( 50%)   8/16( 50%)   0/16(  0%)   6/36( 16%) 


Total dedicated input pins used:                 0/4      (  0%)
Total I/O pins used:                            14/32     ( 43%)
Total logic cells used:                          8/32     ( 25%)
Total shareable expanders used:                  0/32     (  0%)
Total Turbo logic cells used:                    8/32     ( 25%)
Total shareable expanders not available (n/a):   0/32     (  0%)
Average fan-in:                                  6.00
Total fan-in:                                    48

Total input pins required:                       6
Total output pins required:                      8
Total bidirectional pins required:               0
Total logic cells required:                      8
Total flipflops required:                        0
Total product terms required:                    8
Total logic cells lending parallel expanders:    0
Total shareable expanders in database:           0

Synthesized logic cells:                         0/  32   (  0%)



Device-Specific Information:c:\users\user\desktop\max_plus\week4\decoder\decoder.rpt
decoder

** INPUTS **

                                         Shareable
                                         Expanders     Fan-In    Fan-Out
 Pin     LC  LAB  Primitive    Code   Total Shared n/a INP  FBK  OUT  FBK  Name
   4    (1)  (A)      INPUT               0      0   0    0    0    8    0  G1
   9    (6)  (A)      INPUT               0      0   0    0    0    8    0  G2AN
   8    (5)  (A)      INPUT               0      0   0    0    0    8    0  G2BN
   7    (4)  (A)      INPUT               0      0   0    0    0    8    0  in0
   6    (3)  (A)      INPUT               0      0   0    0    0    8    0  in1
   5    (2)  (A)      INPUT               0      0   0    0    0    8    0  in2


Code:

s = Synthesized pin or logic cell
t = Turbo logic cell
+ = Synchronous flipflop
! = NOT gate push-back
r = Fitter-inserted logic cell


Device-Specific Information:c:\users\user\desktop\max_plus\week4\decoder\decoder.rpt
decoder

** OUTPUTS **

                                         Shareable
                                         Expanders     Fan-In    Fan-Out
 Pin     LC  LAB  Primitive    Code   Total Shared n/a INP  FBK  OUT  FBK  Name
  33     24    B     OUTPUT      t        0      0   0    6    0    0    0  out0
  36     22    B     OUTPUT      t        0      0   0    6    0    0    0  out1
  34     23    B     OUTPUT      t        0      0   0    6    0    0    0  out2
  37     21    B     OUTPUT      t        0      0   0    6    0    0    0  out3
  38     20    B     OUTPUT      t        0      0   0    6    0    0    0  out4
  39     19    B     OUTPUT      t        0      0   0    6    0    0    0  out5
  40     18    B     OUTPUT      t        0      0   0    6    0    0    0  out6
  41     17    B     OUTPUT      t        0      0   0    6    0    0    0  out7


Code:

s = Synthesized pin or logic cell
t = Turbo logic cell
+ = Synchronous flipflop
! = NOT gate push-back
r = Fitter-inserted logic cell


Device-Specific Information:c:\users\user\desktop\max_plus\week4\decoder\decoder.rpt
decoder

** LOGIC CELL INTERCONNECTIONS **

Logic Array Block 'B':

                         Logic cells placed in LAB 'B'
        +--------------- LC24 out0
        | +------------- LC22 out1
        | | +----------- LC23 out2
        | | | +--------- LC21 out3
        | | | | +------- LC20 out4
        | | | | | +----- LC19 out5
        | | | | | | +--- LC18 out6
        | | | | | | | +- LC17 out7
        | | | | | | | | 
        | | | | | | | |   Other LABs fed by signals
        | | | | | | | |   that feed LAB 'B'
LC      | | | | | | | | | A B |     Logic cells that feed LAB 'B':

Pin
4    -> * * * * * * * * | - * | <-- G1
9    -> * * * * * * * * | - * | <-- G2AN
8    -> * * * * * * * * | - * | <-- G2BN
7    -> * * * * * * * * | - * | <-- in0
6    -> * * * * * * * * | - * | <-- in1
5    -> * * * * * * * * | - * | <-- in2


* = The logic cell or pin is an input to the logic cell (or LAB) through the PIA.
- = The logic cell or pin is not an input to the logic cell (or LAB).


Device-Specific Information:c:\users\user\desktop\max_plus\week4\decoder\decoder.rpt
decoder

** EQUATIONS **

G1       : INPUT;
G2AN     : INPUT;
G2BN     : INPUT;
in0      : INPUT;
in1      : INPUT;
in2      : INPUT;

-- Node name is 'out0' 
-- Equation name is 'out0', location is LC024, type is output.
 out0    = LCELL( _EQ001 $  VCC);
  _EQ001 =  G1 & !G2AN & !G2BN & !in0 & !in1 & !in2;

-- Node name is 'out1' 
-- Equation name is 'out1', location is LC022, type is output.
 out1    = LCELL( _EQ002 $  VCC);
  _EQ002 =  G1 & !G2AN & !G2BN &  in0 & !in1 & !in2;

-- Node name is 'out2' 
-- Equation name is 'out2', location is LC023, type is output.
 out2    = LCELL( _EQ003 $  VCC);
  _EQ003 =  G1 & !G2AN & !G2BN & !in0 &  in1 & !in2;

-- Node name is 'out3' 
-- Equation name is 'out3', location is LC021, type is output.
 out3    = LCELL( _EQ004 $  VCC);
  _EQ004 =  G1 & !G2AN & !G2BN &  in0 &  in1 & !in2;

-- Node name is 'out4' 
-- Equation name is 'out4', location is LC020, type is output.
 out4    = LCELL( _EQ005 $  VCC);
  _EQ005 =  G1 & !G2AN & !G2BN & !in0 & !in1 &  in2;

-- Node name is 'out5' 
-- Equation name is 'out5', location is LC019, type is output.
 out5    = LCELL( _EQ006 $  VCC);
  _EQ006 =  G1 & !G2AN & !G2BN &  in0 & !in1 &  in2;

-- Node name is 'out6' 
-- Equation name is 'out6', location is LC018, type is output.
 out6    = LCELL( _EQ007 $  VCC);
  _EQ007 =  G1 & !G2AN & !G2BN & !in0 &  in1 &  in2;

-- Node name is 'out7' 
-- Equation name is 'out7', location is LC017, type is output.
 out7    = LCELL( _EQ008 $  VCC);
  _EQ008 =  G1 & !G2AN & !G2BN &  in0 &  in1 &  in2;



--     Shareable expanders that are duplicated in multiple LABs:
--     (none)




Project Information   c:\users\user\desktop\max_plus\week4\decoder\decoder.rpt

** COMPILATION SETTINGS & TIMES **

Processing Menu Commands
------------------------

Design Doctor                             = off

Logic Synthesis:

   Synthesis Type Used                    = Standard

   Default Synthesis Style                = NORMAL

      Logic option settings in 'NORMAL' style for 'MAX7000' family

      DECOMPOSE_GATES                     = on
      DUPLICATE_LOGIC_EXTRACTION          = on
      MINIMIZATION                        = full
      MULTI_LEVEL_FACTORING               = on
      NOT_GATE_PUSH_BACK                  = on
      PARALLEL_EXPANDERS                  = off
      REDUCE_LOGIC                        = on
      REFACTORIZATION                     = on
      REGISTER_OPTIMIZATION               = on
      RESYNTHESIZE_NETWORK                = on
      SLOW_SLEW_RATE                      = off
      SOFT_BUFFER_INSERTION               = on
      SUBFACTOR_EXTRACTION                = on
      TURBO_BIT                           = on
      XOR_SYNTHESIS                       = on
      IGNORE_SOFT_BUFFERS                 = off
      USE_LPM_FOR_AHDL_OPERATORS          = off

   Other logic synthesis settings:

      Automatic Global Clock              = on
      Automatic Global Clear              = on
      Automatic Global Preset             = on
      Automatic Global Output Enable      = on
      Automatic Fast I/O                  = off
      Automatic Register Packing          = off
      Automatic Open-Drain Pins           = on
      Automatic Implement in EAB          = off
      One-Hot State Machine Encoding      = off
      Optimize                            = 5

Default Timing Specifications: None

Cut All Bidir Feedback Timing Paths       = on
Cut All Clear & Preset Timing Paths       = on

Ignore Timing Assignments                 = off

Functional SNF Extractor                  = off

Linked SNF Extractor                      = off
Timing SNF Extractor                      = on
Optimize Timing SNF                       = off
Generate AHDL TDO File                    = off
Fitter Settings                           = NORMAL
Smart Recompile                           = off
Total Recompile                           = off

Interfaces Menu Commands
------------------------

EDIF Netlist Writer                       = off
Verilog Netlist Writer                    = off
VHDL Netlist Writer                       = off

Compilation Times
-----------------

   Compiler Netlist Extractor             00:00:00
   Database Builder                       00:00:00
   Logic Synthesizer                      00:00:00
   Partitioner                            00:00:00
   Fitter                                 00:00:00
   Timing SNF Extractor                   00:00:00
   Assembler                              00:00:00
   --------------------------             --------
   Total Time                             00:00:00


Memory Allocated
-----------------

Peak memory allocated during compilation  = 3,264K
