Project Informationc:\users\skyjoozero\desktop\max_plus\mid_exam\segment\segment.rpt

MAX+plus II Compiler Report File
Version 10.2 07/10/2002
Compiled: 10/17/2023 20:16:36

Copyright (C) 1988-2002 Altera Corporation
Any megafunction design, and related net list (encrypted or decrypted),
support information, device programming or simulation file, and any other
associated documentation or information provided by Altera or a partner
under Altera's Megafunction Partnership Program may be used only to
program PLD devices (but not masked PLD devices) from Altera.  Any other
use of such megafunction design, net list, support information, device
programming or simulation file, or any other related documentation or
information is prohibited for any other purpose, including, but not
limited to modification, reverse engineering, de-compiling, or use with
any other silicon devices, unless such use is explicitly licensed under
a separate agreement with Altera or a megafunction partner.  Title to
the intellectual property, including patents, copyrights, trademarks,
trade secrets, or maskworks, embodied in any such megafunction design,
net list, support information, device programming or simulation file, or
any other related documentation or information provided by Altera or a
megafunction partner, remains with Altera, the megafunction partner, or
their respective licensors.  No other licenses, including any licenses
needed under any third party's intellectual property, are provided herein.



***** Project compilation was successful




** DEVICE SUMMARY **

Chip/                     Input   Output   Bidir         Shareable
POF       Device          Pins    Pins     Pins     LCs  Expanders  % Utilized

segment   EPM7032LC44-6    7        8        0      8       0           25 %

User Pins:                 7        8        0  



Project Informationc:\users\skyjoozero\desktop\max_plus\mid_exam\segment\segment.rpt

** FILE HIERARCHY **



|7447:1|


Device-Specific Information:c:\users\skyjoozero\desktop\max_plus\mid_exam\segment\segment.rpt
segment

***** Logic for device 'segment' compiled without errors.




Device: EPM7032LC44-6

Device Options:
    Turbo Bit                                    = ON
    Security Bit                                 = OFF

                                               
                                               
                                               
                                               
                                         o  o  
              i  i  B  V  G  G  G  G  G  u  u  
              n  n  I  C  N  N  N  N  N  t  t  
              1  0  N  C  D  D  D  D  D  4  6  
            -----------------------------------_ 
          /   6  5  4  3  2  1 44 43 42 41 40   | 
     in2 |  7                                39 | out3 
     in3 |  8                                38 | out2 
     LTN |  9                                37 | out1 
     GND | 10                                36 | RBON 
    RBIN | 11                                35 | VCC 
RESERVED | 12         EPM7032LC44-6          34 | out0 
RESERVED | 13                                33 | out5 
RESERVED | 14                                32 | RESERVED 
     VCC | 15                                31 | RESERVED 
RESERVED | 16                                30 | GND 
RESERVED | 17                                29 | RESERVED 
         |_  18 19 20 21 22 23 24 25 26 27 28  _| 
           ------------------------------------ 
              R  R  R  R  G  V  R  R  R  R  R  
              E  E  E  E  N  C  E  E  E  E  E  
              S  S  S  S  D  C  S  S  S  S  S  
              E  E  E  E        E  E  E  E  E  
              R  R  R  R        R  R  R  R  R  
              V  V  V  V        V  V  V  V  V  
              E  E  E  E        E  E  E  E  E  
              D  D  D  D        D  D  D  D  D  


N.C. = No Connect. This pin has no internal connection to the device.
VCC = Dedicated power pin, which MUST be connected to VCC.
GND = Dedicated ground pin or unused dedicated input, which MUST be connected to GND.
RESERVED = Unused I/O pin, which MUST be left unconnected.



Device-Specific Information:c:\users\skyjoozero\desktop\max_plus\mid_exam\segment\segment.rpt
segment

** RESOURCE USAGE **

                                                Shareable     External
Logic Array Block     Logic Cells   I/O Pins    Expanders   Interconnect

A:     LC1 - LC16     0/16(  0%)   7/16( 43%)   0/16(  0%)   0/36(  0%) 
B:    LC17 - LC32     8/16( 50%)   8/16( 50%)   4/16( 25%)   7/36( 19%) 


Total dedicated input pins used:                 0/4      (  0%)
Total I/O pins used:                            15/32     ( 46%)
Total logic cells used:                          8/32     ( 25%)
Total shareable expanders used:                  0/32     (  0%)
Total Turbo logic cells used:                    8/32     ( 25%)
Total shareable expanders not available (n/a):   4/32     ( 12%)
Average fan-in:                                  6.75
Total fan-in:                                    54

Total input pins required:                       7
Total output pins required:                      8
Total bidirectional pins required:               0
Total logic cells required:                      8
Total flipflops required:                        0
Total product terms required:                   32
Total logic cells lending parallel expanders:    0
Total shareable expanders in database:           0

Synthesized logic cells:                         0/  32   (  0%)



Device-Specific Information:c:\users\skyjoozero\desktop\max_plus\mid_exam\segment\segment.rpt
segment

** INPUTS **

                                         Shareable
                                         Expanders     Fan-In    Fan-Out
 Pin     LC  LAB  Primitive    Code   Total Shared n/a INP  FBK  OUT  FBK  Name
   4    (1)  (A)      INPUT               0      0   0    0    0    7    0  BIN
   5    (2)  (A)      INPUT               0      0   0    0    0    8    0  in0
   6    (3)  (A)      INPUT               0      0   0    0    0    8    0  in1
   7    (4)  (A)      INPUT               0      0   0    0    0    8    0  in2
   8    (5)  (A)      INPUT               0      0   0    0    0    8    0  in3
   9    (6)  (A)      INPUT               0      0   0    0    0    8    0  LTN
  11    (7)  (A)      INPUT               0      0   0    0    0    7    0  RBIN


Code:

s = Synthesized pin or logic cell
t = Turbo logic cell
+ = Synchronous flipflop
! = NOT gate push-back
r = Fitter-inserted logic cell


Device-Specific Information:c:\users\skyjoozero\desktop\max_plus\mid_exam\segment\segment.rpt
segment

** OUTPUTS **

                                         Shareable
                                         Expanders     Fan-In    Fan-Out
 Pin     LC  LAB  Primitive    Code   Total Shared n/a INP  FBK  OUT  FBK  Name
  34     23    B     OUTPUT      t        1      0   1    7    0    0    0  out0
  37     21    B     OUTPUT      t        1      0   1    7    0    0    0  out1
  38     20    B     OUTPUT      t        0      0   0    7    0    0    0  out2
  39     19    B     OUTPUT      t        1      0   1    7    0    0    0  out3
  41     17    B     OUTPUT      t        0      0   0    7    0    0    0  out4
  33     24    B     OUTPUT      t        1      0   1    7    0    0    0  out5
  40     18    B     OUTPUT      t        0      0   0    6    0    0    0  out6
  36     22    B     OUTPUT      t        0      0   0    6    0    0    0  RBON


Code:

s = Synthesized pin or logic cell
t = Turbo logic cell
+ = Synchronous flipflop
! = NOT gate push-back
r = Fitter-inserted logic cell


Device-Specific Information:c:\users\skyjoozero\desktop\max_plus\mid_exam\segment\segment.rpt
segment

** LOGIC CELL INTERCONNECTIONS **

Logic Array Block 'B':

                         Logic cells placed in LAB 'B'
        +--------------- LC23 out0
        | +------------- LC21 out1
        | | +----------- LC20 out2
        | | | +--------- LC19 out3
        | | | | +------- LC17 out4
        | | | | | +----- LC24 out5
        | | | | | | +--- LC18 out6
        | | | | | | | +- LC22 RBON
        | | | | | | | | 
        | | | | | | | |   Other LABs fed by signals
        | | | | | | | |   that feed LAB 'B'
LC      | | | | | | | | | A B |     Logic cells that feed LAB 'B':

Pin
4    -> * * * * * * * - | - * | <-- BIN
5    -> * * * * * * * * | - * | <-- in0
6    -> * * * * * * * * | - * | <-- in1
7    -> * * * * * * * * | - * | <-- in2
8    -> * * * * * * * * | - * | <-- in3
9    -> * * * * * * * * | - * | <-- LTN
11   -> * * * * * * - * | - * | <-- RBIN


* = The logic cell or pin is an input to the logic cell (or LAB) through the PIA.
- = The logic cell or pin is not an input to the logic cell (or LAB).


Device-Specific Information:c:\users\skyjoozero\desktop\max_plus\mid_exam\segment\segment.rpt
segment

** EQUATIONS **

BIN      : INPUT;
in0      : INPUT;
in1      : INPUT;
in2      : INPUT;
in3      : INPUT;
LTN      : INPUT;
RBIN     : INPUT;

-- Node name is 'out0' 
-- Equation name is 'out0', location is LC023, type is output.
 out0    = LCELL( _EQ001 $ !BIN);
  _EQ001 =  BIN &  in0 & !in1 & !in2 & !in3 &  LTN
         #  BIN & !in1 & !in2 & !in3 &  LTN & !RBIN
         #  BIN &  in1 &  in3 &  LTN
         #  BIN & !in0 &  in2 &  LTN;

-- Node name is 'out1' 
-- Equation name is 'out1', location is LC021, type is output.
 out1    = LCELL( _EQ002 $ !BIN);
  _EQ002 =  BIN & !in0 & !in1 & !in2 & !in3 &  LTN & !RBIN
         #  BIN & !in0 &  in1 &  in2 &  LTN
         #  BIN &  in0 & !in1 &  in2 &  LTN
         #  BIN &  in1 &  in3 &  LTN;

-- Node name is 'out2' 
-- Equation name is 'out2', location is LC020, type is output.
 out2    = LCELL( _EQ003 $ !BIN);
  _EQ003 =  BIN & !in0 & !in2 & !in3 &  LTN & !RBIN
         #  BIN & !in0 &  in1 & !in2 &  LTN
         #  BIN &  in2 &  in3 &  LTN;

-- Node name is 'out3' 
-- Equation name is 'out3', location is LC019, type is output.
 out3    = LCELL( _EQ004 $ !BIN);
  _EQ004 =  BIN & !in0 & !in1 & !in3 &  LTN & !RBIN
         #  BIN &  in0 &  in1 &  in2 &  LTN
         #  BIN & !in0 & !in1 &  in2 &  LTN
         #  BIN &  in0 & !in1 & !in2 &  LTN;

-- Node name is 'out4' 
-- Equation name is 'out4', location is LC017, type is output.
 out4    = LCELL( _EQ005 $ !BIN);
  _EQ005 =  BIN & !in1 & !in2 & !in3 &  LTN & !RBIN
         #  BIN & !in1 &  in2 &  LTN
         #  BIN &  in0 &  LTN;

-- Node name is 'out5' 
-- Equation name is 'out5', location is LC024, type is output.
 out5    = LCELL( _EQ006 $ !BIN);
  _EQ006 =  BIN &  in0 & !in2 & !in3 &  LTN
         #  BIN & !in2 & !in3 &  LTN & !RBIN
         #  BIN &  in0 &  in1 &  LTN
         #  BIN &  in1 & !in2 &  LTN;

-- Node name is 'out6' 
-- Equation name is 'out6', location is LC018, type is output.
 out6    = LCELL( _EQ007 $ !BIN);
  _EQ007 =  BIN &  in0 &  in1 &  in2 &  LTN
         #  BIN & !in1 & !in2 & !in3 &  LTN;

-- Node name is 'RBON' 
-- Equation name is 'RBON', location is LC022, type is output.
 RBON    = LCELL( _EQ008 $  VCC);
  _EQ008 = !in0 & !in1 & !in2 & !in3 &  LTN & !RBIN;



--     Shareable expanders that are duplicated in multiple LABs:
--     (none)




Project Informationc:\users\skyjoozero\desktop\max_plus\mid_exam\segment\segment.rpt

** COMPILATION SETTINGS & TIMES **

Processing Menu Commands
------------------------

Design Doctor                             = off

Logic Synthesis:

   Synthesis Type Used                    = Standard

   Default Synthesis Style                = NORMAL

      Logic option settings in 'NORMAL' style for 'MAX7000' family

      DECOMPOSE_GATES                     = on
      DUPLICATE_LOGIC_EXTRACTION          = on
      MINIMIZATION                        = full
      MULTI_LEVEL_FACTORING               = on
      NOT_GATE_PUSH_BACK                  = on
      PARALLEL_EXPANDERS                  = off
      REDUCE_LOGIC                        = on
      REFACTORIZATION                     = on
      REGISTER_OPTIMIZATION               = on
      RESYNTHESIZE_NETWORK                = on
      SLOW_SLEW_RATE                      = off
      SOFT_BUFFER_INSERTION               = on
      SUBFACTOR_EXTRACTION                = on
      TURBO_BIT                           = on
      XOR_SYNTHESIS                       = on
      IGNORE_SOFT_BUFFERS                 = off
      USE_LPM_FOR_AHDL_OPERATORS          = off

   Other logic synthesis settings:

      Automatic Global Clock              = on
      Automatic Global Clear              = on
      Automatic Global Preset             = on
      Automatic Global Output Enable      = on
      Automatic Fast I/O                  = off
      Automatic Register Packing          = off
      Automatic Open-Drain Pins           = on
      Automatic Implement in EAB          = off
      One-Hot State Machine Encoding      = off
      Optimize                            = 5

Default Timing Specifications: None

Cut All Bidir Feedback Timing Paths       = on
Cut All Clear & Preset Timing Paths       = on

Ignore Timing Assignments                 = off

Functional SNF Extractor                  = off

Linked SNF Extractor                      = off
Timing SNF Extractor                      = on
Optimize Timing SNF                       = off
Generate AHDL TDO File                    = off
Fitter Settings                           = NORMAL
Smart Recompile                           = off
Total Recompile                           = off

Interfaces Menu Commands
------------------------

EDIF Netlist Writer                       = off
Verilog Netlist Writer                    = off
VHDL Netlist Writer                       = off

Compilation Times
-----------------

   Compiler Netlist Extractor             00:00:00
   Database Builder                       00:00:00
   Logic Synthesizer                      00:00:00
   Partitioner                            00:00:00
   Fitter                                 00:00:00
   Timing SNF Extractor                   00:00:00
   Assembler                              00:00:00
   --------------------------             --------
   Total Time                             00:00:00


Memory Allocated
-----------------

Peak memory allocated during compilation  = 3,225K
