Project Informationc:\users\user\desktop\max_plus\week8\counter_100\counter_100.rpt

MAX+plus II Compiler Report File
Version 10.2 07/10/2002
Compiled: 11/01/2023 15:26:49

Copyright (C) 1988-2002 Altera Corporation
Any megafunction design, and related net list (encrypted or decrypted),
support information, device programming or simulation file, and any other
associated documentation or information provided by Altera or a partner
under Altera's Megafunction Partnership Program may be used only to
program PLD devices (but not masked PLD devices) from Altera.  Any other
use of such megafunction design, net list, support information, device
programming or simulation file, or any other related documentation or
information is prohibited for any other purpose, including, but not
limited to modification, reverse engineering, de-compiling, or use with
any other silicon devices, unless such use is explicitly licensed under
a separate agreement with Altera or a megafunction partner.  Title to
the intellectual property, including patents, copyrights, trademarks,
trade secrets, or maskworks, embodied in any such megafunction design,
net list, support information, device programming or simulation file, or
any other related documentation or information provided by Altera or a
megafunction partner, remains with Altera, the megafunction partner, or
their respective licensors.  No other licenses, including any licenses
needed under any third party's intellectual property, are provided herein.



***** Project compilation was successful




** DEVICE SUMMARY **

Chip/                     Input   Output   Bidir         Shareable
POF       Device          Pins    Pins     Pins     LCs  Expanders  % Utilized

counter_100
      EPM7032LC44-6        1        10       0      10      0           31 %

User Pins:                 1        10       0  



Project Informationc:\users\user\desktop\max_plus\week8\counter_100\counter_100.rpt

** AUTO GLOBAL SIGNALS **



INFO: Signal 'clk' chosen for auto global Clock


Project Informationc:\users\user\desktop\max_plus\week8\counter_100\counter_100.rpt

** FILE HIERARCHY **



|74162:1|
|74162:2|


Device-Specific Information:c:\users\user\desktop\max_plus\week8\counter_100\counter_100.rpt
counter_100

***** Logic for device 'counter_100' compiled without errors.




Device: EPM7032LC44-6

Device Options:
    Turbo Bit                                    = ON
    Security Bit                                 = OFF

                                                  
                                                  
                                                  
                 R  R  R                          
                 E  E  E                          
                 S  S  S                          
                 E  E  E                          
                 R  R  R                    1     
                 V  V  V  V  G  G  G  c  G  0  1  
                 E  E  E  C  N  N  N  l  N  s  s  
                 D  D  D  C  D  D  D  k  D  1  2  
               -----------------------------------_ 
             /   6  5  4  3  2  1 44 43 42 41 40   | 
   RESERVED |  7                                39 | 1s1 
   RESERVED |  8                                38 | 10s2 
   RESERVED |  9                                37 | 1s0 
        GND | 10                                36 | 10s3 
   RESERVED | 11                                35 | VCC 
   RESERVED | 12         EPM7032LC44-6          34 | 10s0 
   RESERVED | 13                                33 | 1s3 
   RESERVED | 14                                32 | RCO_10s_OUT 
        VCC | 15                                31 | RCO_OUT 
   RESERVED | 16                                30 | GND 
   RESERVED | 17                                29 | RESERVED 
            |_  18 19 20 21 22 23 24 25 26 27 28  _| 
              ------------------------------------ 
                 R  R  R  R  G  V  R  R  R  R  R  
                 E  E  E  E  N  C  E  E  E  E  E  
                 S  S  S  S  D  C  S  S  S  S  S  
                 E  E  E  E        E  E  E  E  E  
                 R  R  R  R        R  R  R  R  R  
                 V  V  V  V        V  V  V  V  V  
                 E  E  E  E        E  E  E  E  E  
                 D  D  D  D        D  D  D  D  D  
                                                  
                                                  
                                                  


N.C. = No Connect. This pin has no internal connection to the device.
VCC = Dedicated power pin, which MUST be connected to VCC.
GND = Dedicated ground pin or unused dedicated input, which MUST be connected to GND.
RESERVED = Unused I/O pin, which MUST be left unconnected.



Device-Specific Information:c:\users\user\desktop\max_plus\week8\counter_100\counter_100.rpt
counter_100

** RESOURCE USAGE **

                                                Shareable     External
Logic Array Block     Logic Cells   I/O Pins    Expanders   Interconnect

A:     LC1 - LC16     0/16(  0%)   0/16(  0%)   0/16(  0%)   0/36(  0%) 
B:    LC17 - LC32    10/16( 62%)  10/16( 62%)   0/16(  0%)   8/36( 22%) 


Total dedicated input pins used:                 1/4      ( 25%)
Total I/O pins used:                            10/32     ( 31%)
Total logic cells used:                         10/32     ( 31%)
Total shareable expanders used:                  0/32     (  0%)
Total Turbo logic cells used:                   10/32     ( 31%)
Total shareable expanders not available (n/a):   0/32     (  0%)
Average fan-in:                                  4.30
Total fan-in:                                    43

Total input pins required:                       1
Total output pins required:                     10
Total bidirectional pins required:               0
Total logic cells required:                     10
Total flipflops required:                        8
Total product terms required:                   14
Total logic cells lending parallel expanders:    0
Total shareable expanders in database:           0

Synthesized logic cells:                         0/  32   (  0%)



Device-Specific Information:c:\users\user\desktop\max_plus\week8\counter_100\counter_100.rpt
counter_100

** INPUTS **

                                         Shareable
                                         Expanders     Fan-In    Fan-Out
 Pin     LC  LAB  Primitive    Code   Total Shared n/a INP  FBK  OUT  FBK  Name
  43      -   -       INPUT  G            0      0   0    0    0    0    0  clk


Code:

s = Synthesized pin or logic cell
t = Turbo logic cell
+ = Synchronous flipflop
! = NOT gate push-back
r = Fitter-inserted logic cell
G = Global Source. Fan-out destinations counted here do not include destinations
that are driven using global routing resources. Refer to the Auto Global Signals,
Clock Signals, Clear Signals, Synchronous Load Signals, and Synchronous Clear Signals
Sections of this Report File for information on which signals' fan-outs are used as
Clock, Clear, Preset, Output Enable, and synchronous Load signals.


Device-Specific Information:c:\users\user\desktop\max_plus\week8\counter_100\counter_100.rpt
counter_100

** OUTPUTS **

                                         Shareable
                                         Expanders     Fan-In    Fan-Out
 Pin     LC  LAB  Primitive    Code   Total Shared n/a INP  FBK  OUT  FBK  Name
  31     26    B     OUTPUT      t        0      0   0    0    2    0    0  RCO_OUT
  32     25    B     OUTPUT      t        0      0   0    0    4    0    0  RCO_10s_OUT
  37     21    B         FF   +  t        0      0   0    0    0    9    0  1s0 (|74162:1|:43)
  39     19    B         FF   +  t        0      0   0    0    2    2    0  1s1 (|74162:1|:44)
  40     18    B         FF   +  t        0      0   0    0    2    1    0  1s2 (|74162:1|:45)
  33     24    B         FF   +  t        0      0   0    0    4    8    0  1s3 (|74162:1|:46)
  34     23    B         FF   +  t        0      0   0    0    2    4    0  10s0 (|74162:2|:43)
  41     17    B         FF   +  t        0      0   0    0    6    2    0  10s1 (|74162:2|:44)
  38     20    B         FF   +  t        0      0   0    0    5    2    0  10s2 (|74162:2|:45)
  36     22    B         FF   +  t        0      0   0    0    4    3    0  10s3 (|74162:2|:46)


Code:

s = Synthesized pin or logic cell
t = Turbo logic cell
+ = Synchronous flipflop
! = NOT gate push-back
r = Fitter-inserted logic cell


Device-Specific Information:c:\users\user\desktop\max_plus\week8\counter_100\counter_100.rpt
counter_100

** LOGIC CELL INTERCONNECTIONS **

Logic Array Block 'B':

                             Logic cells placed in LAB 'B'
        +------------------- LC26 RCO_OUT
        | +----------------- LC25 RCO_10s_OUT
        | | +--------------- LC21 1s0
        | | | +------------- LC19 1s1
        | | | | +----------- LC18 1s2
        | | | | | +--------- LC24 1s3
        | | | | | | +------- LC23 10s0
        | | | | | | | +----- LC17 10s1
        | | | | | | | | +--- LC20 10s2
        | | | | | | | | | +- LC22 10s3
        | | | | | | | | | | 
        | | | | | | | | | |   Other LABs fed by signals
        | | | | | | | | | |   that feed LAB 'B'
LC      | | | | | | | | | | | A B |     Logic cells that feed LAB 'B':
LC21 -> * * * * * * * * * * | - * | <-- 1s0
LC19 -> - - - * * * - - - - | - * | <-- 1s1
LC18 -> - - - - * * - - - - | - * | <-- 1s2
LC24 -> * * - * - * * * * * | - * | <-- 1s3
LC23 -> - * - - - - * * * * | - * | <-- 10s0
LC17 -> - - - - - - - * * - | - * | <-- 10s1
LC20 -> - - - - - - - * * - | - * | <-- 10s2
LC22 -> - * - - - - - * - * | - * | <-- 10s3

Pin
43   -> - - - - - - - - - - | - - | <-- clk


* = The logic cell or pin is an input to the logic cell (or LAB) through the PIA.
- = The logic cell or pin is not an input to the logic cell (or LAB).


Device-Specific Information:c:\users\user\desktop\max_plus\week8\counter_100\counter_100.rpt
counter_100

** EQUATIONS **

clk      : INPUT;

-- Node name is 'RCO_OUT' 
-- Equation name is 'RCO_OUT', location is LC026, type is output.
 RCO_OUT = LCELL( _EQ001 $  GND);
  _EQ001 =  1s0 &  1s3;

-- Node name is 'RCO_10s_OUT' 
-- Equation name is 'RCO_10s_OUT', location is LC025, type is output.
 RCO_10s_OUT = LCELL( _EQ002 $  GND);
  _EQ002 =  1s0 &  1s3 &  10s0 &  10s3;

-- Node name is '1s0' = '|74162:1|QA' 
-- Equation name is '1s0', type is output 
 1s0     = TFFE( VCC, GLOBAL( clk),  VCC,  VCC,  VCC);

-- Node name is '1s1' = '|74162:1|QB' 
-- Equation name is '1s1', type is output 
 1s1     = TFFE( _EQ003, GLOBAL( clk),  VCC,  VCC,  VCC);
  _EQ003 =  1s0 & !1s3;

-- Node name is '1s2' = '|74162:1|QC' 
-- Equation name is '1s2', type is output 
 1s2     = TFFE( _EQ004, GLOBAL( clk),  VCC,  VCC,  VCC);
  _EQ004 =  1s0 &  1s1;

-- Node name is '1s3' = '|74162:1|QD' 
-- Equation name is '1s3', type is output 
 1s3     = DFFE( _EQ005 $  GND, GLOBAL( clk),  VCC,  VCC,  VCC);
  _EQ005 =  1s0 &  1s1 &  1s2
         # !1s0 &  1s3;

-- Node name is '10s0' = '|74162:2|QA' 
-- Equation name is '10s0', type is output 
 10s0    = TFFE( _EQ006, GLOBAL( clk),  VCC,  VCC,  VCC);
  _EQ006 =  1s0 &  1s3;

-- Node name is '10s1' = '|74162:2|QB' 
-- Equation name is '10s1', type is output 
 10s1    = TFFE( _EQ007, GLOBAL( clk),  VCC,  VCC,  VCC);
  _EQ007 =  1s0 &  1s3 &  10s0 & !10s1 & !10s2 & !10s3
         #  1s0 &  1s3 &  10s0 &  10s1 &  10s2
         #  1s0 &  1s3 &  10s0 &  10s1 & !10s3;

-- Node name is '10s2' = '|74162:2|QC' 
-- Equation name is '10s2', type is output 
 10s2    = TFFE( _EQ008, GLOBAL( clk),  VCC,  VCC,  VCC);
  _EQ008 =  1s0 &  1s3 &  10s0 &  10s1 & !10s2
         #  1s0 &  1s3 &  10s0 &  10s2;

-- Node name is '10s3' = '|74162:2|QD' 
-- Equation name is '10s3', type is output 
 10s3    = TFFE( _EQ009, GLOBAL( clk),  VCC,  VCC,  VCC);
  _EQ009 =  1s0 &  1s3 &  10s0 &  10s3;



--     Shareable expanders that are duplicated in multiple LABs:
--     (none)




Project Informationc:\users\user\desktop\max_plus\week8\counter_100\counter_100.rpt

** COMPILATION SETTINGS & TIMES **

Processing Menu Commands
------------------------

Design Doctor                             = off

Logic Synthesis:

   Synthesis Type Used                    = Standard

   Default Synthesis Style                = NORMAL

      Logic option settings in 'NORMAL' style for 'MAX7000' family

      DECOMPOSE_GATES                     = on
      DUPLICATE_LOGIC_EXTRACTION          = on
      MINIMIZATION                        = full
      MULTI_LEVEL_FACTORING               = on
      NOT_GATE_PUSH_BACK                  = on
      PARALLEL_EXPANDERS                  = off
      REDUCE_LOGIC                        = on
      REFACTORIZATION                     = on
      REGISTER_OPTIMIZATION               = on
      RESYNTHESIZE_NETWORK                = on
      SLOW_SLEW_RATE                      = off
      SOFT_BUFFER_INSERTION               = on
      SUBFACTOR_EXTRACTION                = on
      TURBO_BIT                           = on
      XOR_SYNTHESIS                       = on
      IGNORE_SOFT_BUFFERS                 = off
      USE_LPM_FOR_AHDL_OPERATORS          = off

   Other logic synthesis settings:

      Automatic Global Clock              = on
      Automatic Global Clear              = on
      Automatic Global Preset             = on
      Automatic Global Output Enable      = on
      Automatic Fast I/O                  = off
      Automatic Register Packing          = off
      Automatic Open-Drain Pins           = on
      Automatic Implement in EAB          = off
      One-Hot State Machine Encoding      = off
      Optimize                            = 5

Default Timing Specifications: None

Cut All Bidir Feedback Timing Paths       = on
Cut All Clear & Preset Timing Paths       = on

Ignore Timing Assignments                 = off

Functional SNF Extractor                  = off

Linked SNF Extractor                      = off
Timing SNF Extractor                      = on
Optimize Timing SNF                       = off
Generate AHDL TDO File                    = off
Fitter Settings                           = NORMAL
Smart Recompile                           = off
Total Recompile                           = off

Interfaces Menu Commands
------------------------

EDIF Netlist Writer                       = off
Verilog Netlist Writer                    = off
VHDL Netlist Writer                       = off

Compilation Times
-----------------

   Compiler Netlist Extractor             00:00:01
   Database Builder                       00:00:00
   Logic Synthesizer                      00:00:00
   Partitioner                            00:00:00
   Fitter                                 00:00:00
   Timing SNF Extractor                   00:00:00
   Assembler                              00:00:00
   --------------------------             --------
   Total Time                             00:00:01


Memory Allocated
-----------------

Peak memory allocated during compilation  = 3,125K
