Project Informationc:\users\lg\desktop\max_plus\week3\adder_4bit\adder_4bit.rpt

MAX+plus II Compiler Report File
Version 10.2 07/10/2002
Compiled: 09/20/2023 16:53:42

Copyright (C) 1988-2002 Altera Corporation
Any megafunction design, and related net list (encrypted or decrypted),
support information, device programming or simulation file, and any other
associated documentation or information provided by Altera or a partner
under Altera's Megafunction Partnership Program may be used only to
program PLD devices (but not masked PLD devices) from Altera.  Any other
use of such megafunction design, net list, support information, device
programming or simulation file, or any other related documentation or
information is prohibited for any other purpose, including, but not
limited to modification, reverse engineering, de-compiling, or use with
any other silicon devices, unless such use is explicitly licensed under
a separate agreement with Altera or a megafunction partner.  Title to
the intellectual property, including patents, copyrights, trademarks,
trade secrets, or maskworks, embodied in any such megafunction design,
net list, support information, device programming or simulation file, or
any other related documentation or information provided by Altera or a
megafunction partner, remains with Altera, the megafunction partner, or
their respective licensors.  No other licenses, including any licenses
needed under any third party's intellectual property, are provided herein.



***** Project compilation was successful




** DEVICE SUMMARY **

Chip/                     Input   Output   Bidir         Shareable
POF       Device          Pins    Pins     Pins     LCs  Expanders  % Utilized

adder_4bit
      EPM7032LC44-6        16       9        0      11      13          34 %

User Pins:                 16       9        0  



Project Informationc:\users\lg\desktop\max_plus\week3\adder_4bit\adder_4bit.rpt

** FILE HIERARCHY **



|74283:1|
|74283:1|p74283:sub|
|74283:14|
|74283:14|p74283:sub|


Device-Specific Information:c:\users\lg\desktop\max_plus\week3\adder_4bit\adder_4bit.rpt
adder_4bit

***** Logic for device 'adder_4bit' compiled without errors.




Device: EPM7032LC44-6

Device Options:
    Turbo Bit                                    = ON
    Security Bit                                 = OFF

                                               
                                               
                                               
                                               
                                         s  s  
                       V  G  G  G  G  G  u  u  
              B  B  A  C  N  N  N  N  N  m  m  
              6  7  0  C  D  D  D  D  D  8  7  
            -----------------------------------_ 
          /   6  5  4  3  2  1 44 43 42 41 40   | 
      B5 |  7                                39 | sum6 
      B4 |  8                                38 | RESERVED 
      B3 |  9                                37 | sum5 
     GND | 10                                36 | sum4 
      B2 | 11                                35 | VCC 
      B1 | 12         EPM7032LC44-6          34 | sum3 
      B0 | 13                                33 | sum0 
      A7 | 14                                32 | sum2 
     VCC | 15                                31 | sum1 
      A1 | 16                                30 | GND 
      A2 | 17                                29 | RESERVED 
         |_  18 19 20 21 22 23 24 25 26 27 28  _| 
           ------------------------------------ 
              A  A  A  A  G  V  R  R  R  R  R  
              3  4  5  6  N  C  E  E  E  E  E  
                          D  C  S  S  S  S  S  
                                E  E  E  E  E  
                                R  R  R  R  R  
                                V  V  V  V  V  
                                E  E  E  E  E  
                                D  D  D  D  D  


N.C. = No Connect. This pin has no internal connection to the device.
VCC = Dedicated power pin, which MUST be connected to VCC.
GND = Dedicated ground pin or unused dedicated input, which MUST be connected to GND.
RESERVED = Unused I/O pin, which MUST be left unconnected.



Device-Specific Information:c:\users\lg\desktop\max_plus\week3\adder_4bit\adder_4bit.rpt
adder_4bit

** RESOURCE USAGE **

                                                Shareable     External
Logic Array Block     Logic Cells   I/O Pins    Expanders   Interconnect

A:     LC1 - LC16     0/16(  0%)  16/16(100%)   0/16(  0%)   0/36(  0%) 
B:    LC17 - LC32    11/16( 68%)   9/16( 56%)  14/16( 87%)  18/36( 50%) 


Total dedicated input pins used:                 0/4      (  0%)
Total I/O pins used:                            25/32     ( 78%)
Total logic cells used:                         11/32     ( 34%)
Total shareable expanders used:                 13/32     ( 40%)
Total Turbo logic cells used:                   11/32     ( 34%)
Total shareable expanders not available (n/a):   1/32     (  3%)
Average fan-in:                                  6.36
Total fan-in:                                    70

Total input pins required:                      16
Total output pins required:                      9
Total bidirectional pins required:               0
Total logic cells required:                     11
Total flipflops required:                        0
Total product terms required:                   51
Total logic cells lending parallel expanders:    0
Total shareable expanders in database:          13

Synthesized logic cells:                         0/  32   (  0%)



Device-Specific Information:c:\users\lg\desktop\max_plus\week3\adder_4bit\adder_4bit.rpt
adder_4bit

** INPUTS **

                                         Shareable
                                         Expanders     Fan-In    Fan-Out
 Pin     LC  LAB  Primitive    Code   Total Shared n/a INP  FBK  OUT  FBK  Name
   4    (1)  (A)      INPUT               0      0   0    0    0    4    1  A0
  16   (11)  (A)      INPUT               0      0   0    0    0    3    1  A1
  17   (12)  (A)      INPUT               0      0   0    0    0    2    1  A2
  18   (13)  (A)      INPUT               0      0   0    0    0    1    1  A3
  19   (14)  (A)      INPUT               0      0   0    0    0    5    1  A4
  20   (15)  (A)      INPUT               0      0   0    0    0    4    1  A5
  21   (16)  (A)      INPUT               0      0   0    0    0    3    1  A6
  14   (10)  (A)      INPUT               0      0   0    0    0    2    1  A7
  13    (9)  (A)      INPUT               0      0   0    0    0    4    1  B0
  12    (8)  (A)      INPUT               0      0   0    0    0    3    1  B1
  11    (7)  (A)      INPUT               0      0   0    0    0    2    1  B2
   9    (6)  (A)      INPUT               0      0   0    0    0    1    1  B3
   8    (5)  (A)      INPUT               0      0   0    0    0    5    1  B4
   7    (4)  (A)      INPUT               0      0   0    0    0    4    1  B5
   6    (3)  (A)      INPUT               0      0   0    0    0    3    1  B6
   5    (2)  (A)      INPUT               0      0   0    0    0    2    1  B7


Code:

s = Synthesized pin or logic cell
t = Turbo logic cell
+ = Synchronous flipflop
! = NOT gate push-back
r = Fitter-inserted logic cell


Device-Specific Information:c:\users\lg\desktop\max_plus\week3\adder_4bit\adder_4bit.rpt
adder_4bit

** OUTPUTS **

                                         Shareable
                                         Expanders     Fan-In    Fan-Out
 Pin     LC  LAB  Primitive    Code   Total Shared n/a INP  FBK  OUT  FBK  Name
  33     24    B     OUTPUT      t        0      0   0    2    0    0    0  sum0
  31     26    B     OUTPUT      t        2      1   0    4    0    0    0  sum1
  32     25    B     OUTPUT      t        3      2   0    6    0    0    0  sum2
  34     23    B     OUTPUT      t        4      4   0    8    0    0    0  sum3
  36     22    B     OUTPUT      t        0      0   0    2    1    0    0  sum4
  37     21    B     OUTPUT      t        3      2   0    4    1    0    0  sum5
  39     19    B     OUTPUT      t        4      3   0    6    1    0    0  sum6
  40     18    B     OUTPUT      t        6      4   1    8    1    0    0  sum7
  41     17    B     OUTPUT      t        4      4   0    8    2    0    0  sum8


Code:

s = Synthesized pin or logic cell
t = Turbo logic cell
+ = Synchronous flipflop
! = NOT gate push-back
r = Fitter-inserted logic cell


Device-Specific Information:c:\users\lg\desktop\max_plus\week3\adder_4bit\adder_4bit.rpt
adder_4bit

** BURIED LOGIC **

                                         Shareable
                                         Expanders     Fan-In    Fan-Out
 Pin     LC  LAB  Primitive    Code   Total Shared n/a INP  FBK  OUT  FBK  Name
 (38)    20    B       SOFT      t        4      4   0    8    0    5    0  |74283:1|p74283:sub|:60
 (27)    29    B       SOFT      t        3      3   0    8    0    1    0  |74283:14|p74283:sub|:60


Code:

s = Synthesized pin or logic cell
t = Turbo logic cell
+ = Synchronous flipflop
! = NOT gate push-back
r = Fitter-inserted logic cell


Device-Specific Information:c:\users\lg\desktop\max_plus\week3\adder_4bit\adder_4bit.rpt
adder_4bit

** LOGIC CELL INTERCONNECTIONS **

Logic Array Block 'B':

                               Logic cells placed in LAB 'B'
        +--------------------- LC24 sum0
        | +------------------- LC26 sum1
        | | +----------------- LC25 sum2
        | | | +--------------- LC23 sum3
        | | | | +------------- LC22 sum4
        | | | | | +----------- LC21 sum5
        | | | | | | +--------- LC19 sum6
        | | | | | | | +------- LC18 sum7
        | | | | | | | | +----- LC17 sum8
        | | | | | | | | | +--- LC20 |74283:1|p74283:sub|:60
        | | | | | | | | | | +- LC29 |74283:14|p74283:sub|:60
        | | | | | | | | | | | 
        | | | | | | | | | | |   Other LABs fed by signals
        | | | | | | | | | | |   that feed LAB 'B'
LC      | | | | | | | | | | | | A B |     Logic cells that feed LAB 'B':
LC20 -> - - - - * * * * * - - | - * | <-- |74283:1|p74283:sub|:60
LC29 -> - - - - - - - - * - - | - * | <-- |74283:14|p74283:sub|:60

Pin
4    -> * * * * - - - - - * - | - * | <-- A0
16   -> - * * * - - - - - * - | - * | <-- A1
17   -> - - * * - - - - - * - | - * | <-- A2
18   -> - - - * - - - - - * - | - * | <-- A3
19   -> - - - - * * * * * - * | - * | <-- A4
20   -> - - - - - * * * * - * | - * | <-- A5
21   -> - - - - - - * * * - * | - * | <-- A6
14   -> - - - - - - - * * - * | - * | <-- A7
13   -> * * * * - - - - - * - | - * | <-- B0
12   -> - * * * - - - - - * - | - * | <-- B1
11   -> - - * * - - - - - * - | - * | <-- B2
9    -> - - - * - - - - - * - | - * | <-- B3
8    -> - - - - * * * * * - * | - * | <-- B4
7    -> - - - - - * * * * - * | - * | <-- B5
6    -> - - - - - - * * * - * | - * | <-- B6
5    -> - - - - - - - * * - * | - * | <-- B7


* = The logic cell or pin is an input to the logic cell (or LAB) through the PIA.
- = The logic cell or pin is not an input to the logic cell (or LAB).


Device-Specific Information:c:\users\lg\desktop\max_plus\week3\adder_4bit\adder_4bit.rpt
adder_4bit

** EQUATIONS **

A0       : INPUT;
A1       : INPUT;
A2       : INPUT;
A3       : INPUT;
A4       : INPUT;
A5       : INPUT;
A6       : INPUT;
A7       : INPUT;
B0       : INPUT;
B1       : INPUT;
B2       : INPUT;
B3       : INPUT;
B4       : INPUT;
B5       : INPUT;
B6       : INPUT;
B7       : INPUT;

-- Node name is 'sum0' 
-- Equation name is 'sum0', location is LC024, type is output.
 sum0    = LCELL( B0 $  A0);

-- Node name is 'sum1' 
-- Equation name is 'sum1', location is LC026, type is output.
 sum1    = LCELL( _EQ001 $  GND);
  _EQ001 =  A0 &  A1 &  B0 &  B1
         #  A0 & !A1 &  B0 & !B1
         # !A0 &  _X001 &  _X002
         # !B0 &  _X001 &  _X002;
  _X001  = EXP( A1 &  B1);
  _X002  = EXP(!A1 & !B1);

-- Node name is 'sum2' 
-- Equation name is 'sum2', location is LC025, type is output.
 sum2    = LCELL( _EQ002 $  _EQ003);
  _EQ002 =  A0 &  B0 &  _X002
         #  A1 &  B1;
  _X002  = EXP(!A1 & !B1);
  _EQ003 =  _X003 &  _X004;
  _X003  = EXP( A2 &  B2);
  _X004  = EXP(!A2 & !B2);

-- Node name is 'sum3' 
-- Equation name is 'sum3', location is LC023, type is output.
 sum3    = LCELL( _EQ004 $  _EQ005);
  _EQ004 =  A0 &  B0 &  _X002 &  _X004
         #  A1 &  B1 &  _X004
         #  A2 &  B2;
  _X002  = EXP(!A1 & !B1);
  _X004  = EXP(!A2 & !B2);
  _EQ005 =  _X005 &  _X006;
  _X005  = EXP(!A3 & !B3);
  _X006  = EXP( A3 &  B3);

-- Node name is 'sum4' 
-- Equation name is 'sum4', location is LC022, type is output.
 sum4    = LCELL( _EQ006 $ !_LC020);
  _EQ006 =  A4 &  B4
         # !A4 & !B4;

-- Node name is 'sum5' 
-- Equation name is 'sum5', location is LC021, type is output.
 sum5    = LCELL( _EQ007 $  _EQ008);
  _EQ007 =  A4 &  B4
         #  _LC020 &  _X007;
  _X007  = EXP(!A4 & !B4);
  _EQ008 =  _X008 &  _X009;
  _X008  = EXP( A5 &  B5);
  _X009  = EXP(!A5 & !B5);

-- Node name is 'sum6' 
-- Equation name is 'sum6', location is LC019, type is output.
 sum6    = LCELL( _EQ009 $  _EQ010);
  _EQ009 =  A4 &  B4 &  _X009
         #  _LC020 &  _X007 &  _X009
         #  A5 &  B5;
  _X009  = EXP(!A5 & !B5);
  _X007  = EXP(!A4 & !B4);
  _EQ010 =  _X010 &  _X011;
  _X010  = EXP( A6 &  B6);
  _X011  = EXP(!A6 & !B6);

-- Node name is 'sum7' 
-- Equation name is 'sum7', location is LC018, type is output.
 sum7    = LCELL( _EQ011 $  _EQ012);
  _EQ011 =  A4 &  B4 &  _X009 &  _X011
         #  _LC020 &  _X007 &  _X009 &  _X011
         #  A5 &  B5 &  _X011
         #  A6 &  B6;
  _X009  = EXP(!A5 & !B5);
  _X011  = EXP(!A6 & !B6);
  _X007  = EXP(!A4 & !B4);
  _EQ012 =  _X012 &  _X013;
  _X012  = EXP( A7 &  B7);
  _X013  = EXP(!A7 & !B7);

-- Node name is 'sum8' 
-- Equation name is 'sum8', location is LC017, type is output.
 sum8    = LCELL( _EQ013 $  _LC029);
  _EQ013 =  _LC020 & !_LC029 &  _X007 &  _X009 &  _X011 &  _X013;
  _X007  = EXP(!A4 & !B4);
  _X009  = EXP(!A5 & !B5);
  _X011  = EXP(!A6 & !B6);
  _X013  = EXP(!A7 & !B7);

-- Node name is '|74283:1|p74283:sub|:60' 
-- Equation name is '_LC020', type is buried 
_LC020   = LCELL( _EQ014 $  _EQ015);
  _EQ014 =  A0 &  B0 &  _X002 &  _X004 &  _X005 &  _X006
         #  A1 &  B1 &  _X004 &  _X005 &  _X006
         #  A2 &  B2 &  _X005 &  _X006;
  _X002  = EXP(!A1 & !B1);
  _X004  = EXP(!A2 & !B2);
  _X005  = EXP(!A3 & !B3);
  _X006  = EXP( A3 &  B3);
  _EQ015 =  A3 &  B3;

-- Node name is '|74283:14|p74283:sub|:60' 
-- Equation name is '_LC029', type is buried 
_LC029   = LCELL( _EQ016 $  GND);
  _EQ016 =  A4 &  B4 &  _X009 &  _X011 &  _X013
         #  A5 &  B5 &  _X011 &  _X013
         #  A6 &  B6 &  _X013
         #  A7 &  B7;
  _X009  = EXP(!A5 & !B5);
  _X011  = EXP(!A6 & !B6);
  _X013  = EXP(!A7 & !B7);



--     Shareable expanders that are duplicated in multiple LABs:
--     (none)




Project Informationc:\users\lg\desktop\max_plus\week3\adder_4bit\adder_4bit.rpt

** COMPILATION SETTINGS & TIMES **

Processing Menu Commands
------------------------

Design Doctor                             = off

Logic Synthesis:

   Synthesis Type Used                    = Standard

   Default Synthesis Style                = NORMAL

      Logic option settings in 'NORMAL' style for 'MAX7000' family

      DECOMPOSE_GATES                     = on
      DUPLICATE_LOGIC_EXTRACTION          = on
      MINIMIZATION                        = full
      MULTI_LEVEL_FACTORING               = on
      NOT_GATE_PUSH_BACK                  = on
      PARALLEL_EXPANDERS                  = off
      REDUCE_LOGIC                        = on
      REFACTORIZATION                     = on
      REGISTER_OPTIMIZATION               = on
      RESYNTHESIZE_NETWORK                = on
      SLOW_SLEW_RATE                      = off
      SOFT_BUFFER_INSERTION               = on
      SUBFACTOR_EXTRACTION                = on
      TURBO_BIT                           = on
      XOR_SYNTHESIS                       = on
      IGNORE_SOFT_BUFFERS                 = off
      USE_LPM_FOR_AHDL_OPERATORS          = off

   Other logic synthesis settings:

      Automatic Global Clock              = on
      Automatic Global Clear              = on
      Automatic Global Preset             = on
      Automatic Global Output Enable      = on
      Automatic Fast I/O                  = off
      Automatic Register Packing          = off
      Automatic Open-Drain Pins           = on
      Automatic Implement in EAB          = off
      One-Hot State Machine Encoding      = off
      Optimize                            = 5

Default Timing Specifications: None

Cut All Bidir Feedback Timing Paths       = on
Cut All Clear & Preset Timing Paths       = on

Ignore Timing Assignments                 = off

Functional SNF Extractor                  = off

Linked SNF Extractor                      = off
Timing SNF Extractor                      = on
Optimize Timing SNF                       = off
Generate AHDL TDO File                    = off
Fitter Settings                           = NORMAL
Smart Recompile                           = off
Total Recompile                           = off

Interfaces Menu Commands
------------------------

EDIF Netlist Writer                       = off
Verilog Netlist Writer                    = off
VHDL Netlist Writer                       = off

Compilation Times
-----------------

   Compiler Netlist Extractor             00:00:00
   Database Builder                       00:00:00
   Logic Synthesizer                      00:00:00
   Partitioner                            00:00:01
   Fitter                                 00:00:00
   Timing SNF Extractor                   00:00:00
   Assembler                              00:00:00
   --------------------------             --------
   Total Time                             00:00:01


Memory Allocated
-----------------

Peak memory allocated during compilation  = 3,119K
