Project Informationc:\users\user\desktop\max_plus\week8\counter_3_to_7\counter_3_to_7.rpt

MAX+plus II Compiler Report File
Version 10.2 07/10/2002
Compiled: 11/01/2023 15:40:46

Copyright (C) 1988-2002 Altera Corporation
Any megafunction design, and related net list (encrypted or decrypted),
support information, device programming or simulation file, and any other
associated documentation or information provided by Altera or a partner
under Altera's Megafunction Partnership Program may be used only to
program PLD devices (but not masked PLD devices) from Altera.  Any other
use of such megafunction design, net list, support information, device
programming or simulation file, or any other related documentation or
information is prohibited for any other purpose, including, but not
limited to modification, reverse engineering, de-compiling, or use with
any other silicon devices, unless such use is explicitly licensed under
a separate agreement with Altera or a megafunction partner.  Title to
the intellectual property, including patents, copyrights, trademarks,
trade secrets, or maskworks, embodied in any such megafunction design,
net list, support information, device programming or simulation file, or
any other related documentation or information provided by Altera or a
megafunction partner, remains with Altera, the megafunction partner, or
their respective licensors.  No other licenses, including any licenses
needed under any third party's intellectual property, are provided herein.



***** Project compilation was successful




** DEVICE SUMMARY **

Chip/                     Input   Output   Bidir         Shareable
POF       Device          Pins    Pins     Pins     LCs  Expanders  % Utilized

counter_3_to_7
      EPM7032LC44-6        1        5        0      5       0           15 %

User Pins:                 1        5        0  



Project Informationc:\users\user\desktop\max_plus\week8\counter_3_to_7\counter_3_to_7.rpt

** AUTO GLOBAL SIGNALS **



INFO: Signal 'clk' chosen for auto global Clock


Project Informationc:\users\user\desktop\max_plus\week8\counter_3_to_7\counter_3_to_7.rpt

** FILE HIERARCHY **



|74162:1|


Device-Specific Information:c:\users\user\desktop\max_plus\week8\counter_3_to_7\counter_3_to_7.rpt
counter_3_to_7

***** Logic for device 'counter_3_to_7' compiled without errors.




Device: EPM7032LC44-6

Device Options:
    Turbo Bit                                    = ON
    Security Bit                                 = OFF

              R  R  R                          
              E  E  E                          
              S  S  S                          
              E  E  E                          
              R  R  R                          
              V  V  V  V  G  G  G  c  G        
              E  E  E  C  N  N  N  l  N  s  s  
              D  D  D  C  D  D  D  k  D  3  2  
            -----------------------------------_ 
          /   6  5  4  3  2  1 44 43 42 41 40   | 
RESERVED |  7                                39 | s1 
RESERVED |  8                                38 | s0 
RESERVED |  9                                37 | 7_out 
     GND | 10                                36 | RESERVED 
RESERVED | 11                                35 | VCC 
RESERVED | 12         EPM7032LC44-6          34 | RESERVED 
RESERVED | 13                                33 | RESERVED 
RESERVED | 14                                32 | RESERVED 
     VCC | 15                                31 | RESERVED 
RESERVED | 16                                30 | GND 
RESERVED | 17                                29 | RESERVED 
         |_  18 19 20 21 22 23 24 25 26 27 28  _| 
           ------------------------------------ 
              R  R  R  R  G  V  R  R  R  R  R  
              E  E  E  E  N  C  E  E  E  E  E  
              S  S  S  S  D  C  S  S  S  S  S  
              E  E  E  E        E  E  E  E  E  
              R  R  R  R        R  R  R  R  R  
              V  V  V  V        V  V  V  V  V  
              E  E  E  E        E  E  E  E  E  
              D  D  D  D        D  D  D  D  D  


N.C. = No Connect. This pin has no internal connection to the device.
VCC = Dedicated power pin, which MUST be connected to VCC.
GND = Dedicated ground pin or unused dedicated input, which MUST be connected to GND.
RESERVED = Unused I/O pin, which MUST be left unconnected.



Device-Specific Information:c:\users\user\desktop\max_plus\week8\counter_3_to_7\counter_3_to_7.rpt
counter_3_to_7

** RESOURCE USAGE **

                                                Shareable     External
Logic Array Block     Logic Cells   I/O Pins    Expanders   Interconnect

A:     LC1 - LC16     0/16(  0%)   0/16(  0%)   0/16(  0%)   0/36(  0%) 
B:    LC17 - LC32     5/16( 31%)   5/16( 31%)   0/16(  0%)   4/36( 11%) 


Total dedicated input pins used:                 1/4      ( 25%)
Total I/O pins used:                             5/32     ( 15%)
Total logic cells used:                          5/32     ( 15%)
Total shareable expanders used:                  0/32     (  0%)
Total Turbo logic cells used:                    5/32     ( 15%)
Total shareable expanders not available (n/a):   0/32     (  0%)
Average fan-in:                                  3.80
Total fan-in:                                    19

Total input pins required:                       1
Total output pins required:                      5
Total bidirectional pins required:               0
Total logic cells required:                      5
Total flipflops required:                        4
Total product terms required:                    6
Total logic cells lending parallel expanders:    0
Total shareable expanders in database:           0

Synthesized logic cells:                         0/  32   (  0%)



Device-Specific Information:c:\users\user\desktop\max_plus\week8\counter_3_to_7\counter_3_to_7.rpt
counter_3_to_7

** INPUTS **

                                         Shareable
                                         Expanders     Fan-In    Fan-Out
 Pin     LC  LAB  Primitive    Code   Total Shared n/a INP  FBK  OUT  FBK  Name
  43      -   -       INPUT  G            0      0   0    0    0    0    0  clk


Code:

s = Synthesized pin or logic cell
t = Turbo logic cell
+ = Synchronous flipflop
! = NOT gate push-back
r = Fitter-inserted logic cell
G = Global Source. Fan-out destinations counted here do not include destinations
that are driven using global routing resources. Refer to the Auto Global Signals,
Clock Signals, Clear Signals, Synchronous Load Signals, and Synchronous Clear Signals
Sections of this Report File for information on which signals' fan-outs are used as
Clock, Clear, Preset, Output Enable, and synchronous Load signals.


Device-Specific Information:c:\users\user\desktop\max_plus\week8\counter_3_to_7\counter_3_to_7.rpt
counter_3_to_7

** OUTPUTS **

                                         Shareable
                                         Expanders     Fan-In    Fan-Out
 Pin     LC  LAB  Primitive    Code   Total Shared n/a INP  FBK  OUT  FBK  Name
  38     20    B         FF   +  t        0      0   0    0    3    5    0  s0 (|74162:1|:43)
  39     19    B         FF   +  t        0      0   0    0    4    4    0  s1 (|74162:1|:44)
  40     18    B         FF   +  t        0      0   0    0    2    3    0  s2 (|74162:1|:45)
  41     17    B         FF   +  t        0      0   0    0    2    2    0  s3 (|74162:1|:46)
  37     21    B     OUTPUT      t        0      0   0    0    3    0    0  7_out


Code:

s = Synthesized pin or logic cell
t = Turbo logic cell
+ = Synchronous flipflop
! = NOT gate push-back
r = Fitter-inserted logic cell


Device-Specific Information:c:\users\user\desktop\max_plus\week8\counter_3_to_7\counter_3_to_7.rpt
counter_3_to_7

** LOGIC CELL INTERCONNECTIONS **

Logic Array Block 'B':

                   Logic cells placed in LAB 'B'
        +--------- LC20 s0
        | +------- LC19 s1
        | | +----- LC18 s2
        | | | +--- LC17 s3
        | | | | +- LC21 7_out
        | | | | | 
        | | | | |   Other LABs fed by signals
        | | | | |   that feed LAB 'B'
LC      | | | | | | A B |     Logic cells that feed LAB 'B':
LC20 -> * * * * * | - * | <-- s0
LC19 -> * * * - * | - * | <-- s1
LC18 -> * * * - * | - * | <-- s2
LC17 -> - * - * - | - * | <-- s3

Pin
43   -> - - - - - | - - | <-- clk


* = The logic cell or pin is an input to the logic cell (or LAB) through the PIA.
- = The logic cell or pin is not an input to the logic cell (or LAB).


Device-Specific Information:c:\users\user\desktop\max_plus\week8\counter_3_to_7\counter_3_to_7.rpt
counter_3_to_7

** EQUATIONS **

clk      : INPUT;

-- Node name is 's0' = '|74162:1|QA' 
-- Equation name is 's0', type is output 
 s0      = TFFE(!_EQ001, GLOBAL( clk),  VCC,  VCC,  VCC);
  _EQ001 =  s0 &  s1 &  s2;

-- Node name is 's1' = '|74162:1|QB' 
-- Equation name is 's1', type is output 
 s1      = TFFE( _EQ002, GLOBAL( clk),  VCC,  VCC,  VCC);
  _EQ002 =  s0 &  s1 & !s2 & !s3
         #  s0 & !s1 & !s3;

-- Node name is 's2' = '|74162:1|QC' 
-- Equation name is 's2', type is output 
 s2      = TFFE( _EQ003, GLOBAL( clk),  VCC,  VCC,  VCC);
  _EQ003 =  s0 &  s1;

-- Node name is 's3' = '|74162:1|QD' 
-- Equation name is 's3', type is output 
 s3      = DFFE( _EQ004 $  GND, GLOBAL( clk),  VCC,  VCC,  VCC);
  _EQ004 = !s0 &  s3;

-- Node name is '7_out' 
-- Equation name is '7_out', location is LC021, type is output.
 7_out   = LCELL( _EQ005 $  VCC);
  _EQ005 =  s0 &  s1 &  s2;



--     Shareable expanders that are duplicated in multiple LABs:
--     (none)




Project Informationc:\users\user\desktop\max_plus\week8\counter_3_to_7\counter_3_to_7.rpt

** COMPILATION SETTINGS & TIMES **

Processing Menu Commands
------------------------

Design Doctor                             = off

Logic Synthesis:

   Synthesis Type Used                    = Standard

   Default Synthesis Style                = NORMAL

      Logic option settings in 'NORMAL' style for 'MAX7000' family

      DECOMPOSE_GATES                     = on
      DUPLICATE_LOGIC_EXTRACTION          = on
      MINIMIZATION                        = full
      MULTI_LEVEL_FACTORING               = on
      NOT_GATE_PUSH_BACK                  = on
      PARALLEL_EXPANDERS                  = off
      REDUCE_LOGIC                        = on
      REFACTORIZATION                     = on
      REGISTER_OPTIMIZATION               = on
      RESYNTHESIZE_NETWORK                = on
      SLOW_SLEW_RATE                      = off
      SOFT_BUFFER_INSERTION               = on
      SUBFACTOR_EXTRACTION                = on
      TURBO_BIT                           = on
      XOR_SYNTHESIS                       = on
      IGNORE_SOFT_BUFFERS                 = off
      USE_LPM_FOR_AHDL_OPERATORS          = off

   Other logic synthesis settings:

      Automatic Global Clock              = on
      Automatic Global Clear              = on
      Automatic Global Preset             = on
      Automatic Global Output Enable      = on
      Automatic Fast I/O                  = off
      Automatic Register Packing          = off
      Automatic Open-Drain Pins           = on
      Automatic Implement in EAB          = off
      One-Hot State Machine Encoding      = off
      Optimize                            = 5

Default Timing Specifications: None

Cut All Bidir Feedback Timing Paths       = on
Cut All Clear & Preset Timing Paths       = on

Ignore Timing Assignments                 = off

Functional SNF Extractor                  = off

Linked SNF Extractor                      = off
Timing SNF Extractor                      = on
Optimize Timing SNF                       = off
Generate AHDL TDO File                    = off
Fitter Settings                           = NORMAL
Smart Recompile                           = off
Total Recompile                           = off

Interfaces Menu Commands
------------------------

EDIF Netlist Writer                       = off
Verilog Netlist Writer                    = off
VHDL Netlist Writer                       = off

Compilation Times
-----------------

   Compiler Netlist Extractor             00:00:00
   Database Builder                       00:00:00
   Logic Synthesizer                      00:00:00
   Partitioner                            00:00:00
   Fitter                                 00:00:01
   Timing SNF Extractor                   00:00:00
   Assembler                              00:00:00
   --------------------------             --------
   Total Time                             00:00:01


Memory Allocated
-----------------

Peak memory allocated during compilation  = 3,180K
